2025-10-19 12:58:36,504 - root - INFO - Starting GameDev AI Assistant v1.0.0
2025-10-19 12:58:36,506 - root - INFO - Directory structure initialized
2025-10-19 12:58:36,507 - root - INFO - Default configuration created
2025-10-19 12:58:37,185 - root - INFO - Launching GUI
2025-10-19 20:41:28,997 - root - INFO - Starting GameDev AI Assistant v1.0.0
2025-10-19 20:41:28,998 - root - INFO - Directory structure initialized
2025-10-19 20:41:29,117 - root - INFO - Launching GUI
2025-10-19 20:42:55,941 - root - INFO - Starting GameDev AI Assistant v1.0.0
2025-10-19 20:42:55,944 - root - INFO - Directory structure initialized
2025-10-19 20:42:56,010 - root - INFO - Launching GUI
2025-10-19 20:43:17,809 - root - INFO - Starting GameDev AI Assistant v1.0.0
2025-10-19 20:43:17,812 - root - INFO - Directory structure initialized
2025-10-19 20:43:17,880 - root - INFO - Launching GUI
2025-10-19 21:02:40,704 - root - INFO - Starting GameDev AI Assistant v1.0.0
2025-10-19 21:02:40,713 - root - INFO - Directory structure initialized
2025-10-19 21:02:40,740 - root - INFO - Launching GUI
2025-10-19 21:17:29,520 - root - INFO - Starting GameDev AI Assistant v1.0.0
2025-10-19 21:17:29,523 - root - INFO - Directory structure initialized
2025-10-19 21:17:29,585 - root - INFO - Launching GUI
2025-10-19 21:40:59,256 - root - INFO - Starting GameDev AI Assistant v1.0.0
2025-10-19 21:40:59,260 - root - INFO - Directory structure initialized
2025-10-19 21:40:59,281 - root - INFO - Launching GUI
2025-10-19 21:56:07,276 - root - INFO - Starting GameDev AI Assistant v1.0.0
2025-10-19 21:56:07,282 - root - INFO - Directory structure initialized
2025-10-19 21:56:07,304 - root - INFO - Launching GUI
2025-10-19 22:03:11,233 - root - INFO - Application closed
2025-10-20 10:09:02,179 - root - INFO - Starting GameDev AI Assistant v1.0.0
2025-10-20 10:09:02,183 - root - INFO - Directory structure initialized
2025-10-20 10:09:03,537 - root - INFO - Launching GUI
2025-10-20 10:19:27,887 - root - INFO - Application closed
2025-10-20 10:19:29,286 - root - INFO - Starting GameDev AI Assistant v1.0.0
2025-10-20 10:19:29,289 - root - INFO - Directory structure initialized
2025-10-20 10:19:29,406 - root - INFO - Launching GUI
2025-10-20 10:19:59,430 - root - INFO - Application closed
2025-10-20 10:45:43,360 - root - INFO - Starting GameDev AI Assistant v1.0.0
2025-10-20 10:45:43,364 - root - INFO - Directory structure initialized
2025-10-20 10:50:53,213 - root - INFO - Starting GameDev AI Assistant v1.0.0
2025-10-20 10:50:53,214 - root - INFO - Directory structure initialized
2025-10-20 10:50:53,373 - root - INFO - Launching GUI
2025-10-20 11:01:23,509 - root - INFO - Application closed
